<?xml version="1.0" encoding="UTF-8"?>
<!-- Generated by org.testng.reporters.JUnitReportReporter -->
<testsuite hostname="bisag" failures="0" tests="1" name="new_CICD.test_demo" time="2.843" errors="0" timestamp="2025-05-06T11:11:48 IST" skipped="0">
  <testcase classname="new_CICD.test_demo" name="testwikiSearchLinux" time="2.843"/>
</testsuite> <!-- new_CICD.test_demo -->
