<?xml version="1.0" encoding="UTF-8"?>
<!-- Generated by org.testng.reporters.JUnitReportReporter -->
<testsuite hostname="bisag" failures="0" tests="1" name="new_CICD.new_test_CICD" time="3.083" errors="0" timestamp="2025-05-06T11:11:48 IST" skipped="0">
  <testcase classname="new_CICD.new_test_CICD" name="testGoogleSearchTitle" time="3.083"/>
</testsuite> <!-- new_CICD.new_test_CICD -->
