<?xml version="1.0" encoding="UTF-8"?>
<!-- Generated by org.testng.reporters.JUnitReportReporter -->
<testsuite hostname="bisag" failures="0" tests="1" name="new_CICD.new_test_CICD" time="2.731" errors="0" timestamp="2025-05-05T15:26:59 IST" skipped="0">
  <testcase classname="new_CICD.new_test_CICD" name="testGoogleSearchTitle" time="2.731"/>
</testsuite> <!-- new_CICD.new_test_CICD -->
