<?xml version="1.0" encoding="UTF-8"?>
<!-- Generated by org.testng.reporters.JUnitReportReporter -->
<testsuite hostname="bisag" failures="0" tests="1" name="new_CICD.test_demo" time="28.069" errors="0" timestamp="2025-05-06T10:58:51 IST" skipped="0">
  <testcase classname="new_CICD.test_demo" name="testwikiSearchLinux" time="28.069"/>
</testsuite> <!-- new_CICD.test_demo -->
